app/build/intermediates/manifest_merge_blame_file/debug/manifest-merger-blame-debug-report.txt
1<?xml version="1.0" encoding="utf-8"?>
2<manifest xmlns:android="http://schemas.android.com/apk/res/android"
3    package="id.ac.umn"
4    android:versionCode="1"
5    android:versionName="1.0" >
6
7    <uses-sdk
8        android:minSdkVersion="21"
8-->src\main\AndroidManifest.xml
9        android:targetSdkVersion="29" />
9-->src\main\AndroidManifest.xml
10
11    <uses-permission android:name="android.permission.INTERNET" >
11-->src\main\AndroidManifest.xml:6:5-7:23
11-->src\main\AndroidManifest.xml:6:22-64
12    </uses-permission>
13    <uses-permission android:name="android.permission.CAMERA" />
13-->src\main\AndroidManifest.xml:8:5-81
13-->src\main\AndroidManifest.xml:8:22-62
14    <uses-permission android:name="android.permission.WRITE_EXTERNAL_STORAGE" />
14-->src\main\AndroidManifest.xml:9:5-80
14-->src\main\AndroidManifest.xml:9:22-78
15
16    <application
16-->src\main\AndroidManifest.xml:11:5-47:19
17        android:allowBackup="true"
17-->src\main\AndroidManifest.xml:12:9-35
18        android:appComponentFactory="androidx.core.app.CoreComponentFactory"
18-->[androidx.core:core:1.1.0] AndroidManifest.xml:24:18-86
19        android:debuggable="true"
20        android:icon="@mipmap/ic_launcher"
20-->src\main\AndroidManifest.xml:13:9-43
21        android:label="@string/app_name"
21-->src\main\AndroidManifest.xml:14:9-41
22        android:roundIcon="@mipmap/ic_launcher_round"
22-->src\main\AndroidManifest.xml:15:9-54
23        android:supportsRtl="true"
23-->src\main\AndroidManifest.xml:16:9-35
24        android:theme="@style/AppTheme" >
24-->src\main\AndroidManifest.xml:17:9-40
25        <activity
25-->src\main\AndroidManifest.xml:19:9-27:20
26            android:name="id.ac.umn.activity.MainActivity"
26-->src\main\AndroidManifest.xml:20:13-59
27            android:screenOrientation="portrait" >
27-->src\main\AndroidManifest.xml:21:13-49
28            <intent-filter>
28-->src\main\AndroidManifest.xml:22:13-26:29
29                <action android:name="android.intent.action.MAIN" />
29-->src\main\AndroidManifest.xml:23:17-69
29-->src\main\AndroidManifest.xml:23:25-66
30
31                <category android:name="android.intent.category.LAUNCHER" />
31-->src\main\AndroidManifest.xml:25:17-77
31-->src\main\AndroidManifest.xml:25:27-74
32            </intent-filter>
33        </activity>
34        <activity
34-->src\main\AndroidManifest.xml:28:9-32:55
35            android:name="id.ac.umn.activity.LoginActivity"
35-->src\main\AndroidManifest.xml:29:13-60
36            android:configChanges="keyboardHidden|orientation|screenSize"
36-->src\main\AndroidManifest.xml:30:13-74
37            android:screenOrientation="portrait"
37-->src\main\AndroidManifest.xml:31:13-49
38            android:windowSoftInputMode="adjustPan" />
38-->src\main\AndroidManifest.xml:32:13-52
39        <activity
39-->src\main\AndroidManifest.xml:33:9-37:55
40            android:name="id.ac.umn.activity.RegisterActivity"
40-->src\main\AndroidManifest.xml:34:13-63
41            android:configChanges="keyboardHidden|orientation|screenSize"
41-->src\main\AndroidManifest.xml:35:13-74
42            android:screenOrientation="portrait"
42-->src\main\AndroidManifest.xml:36:13-49
43            android:windowSoftInputMode="adjustPan" />
43-->src\main\AndroidManifest.xml:37:13-52
44        <activity
44-->src\main\AndroidManifest.xml:38:9-40:52
45            android:name="id.ac.umn.activity.ProfileActivity"
45-->src\main\AndroidManifest.xml:39:13-62
46            android:screenOrientation="portrait" />
46-->src\main\AndroidManifest.xml:40:13-49
47        <activity
47-->src\main\AndroidManifest.xml:41:9-43:52
48            android:name="id.ac.umn.activity.HistoryActivity"
48-->src\main\AndroidManifest.xml:42:13-62
49            android:screenOrientation="portrait" />
49-->src\main\AndroidManifest.xml:43:13-49
50        <activity
50-->src\main\AndroidManifest.xml:44:9-46:52
51            android:name="id.ac.umn.activity.CarRentActivity"
51-->src\main\AndroidManifest.xml:45:13-62
52            android:screenOrientation="portrait" />
52-->src\main\AndroidManifest.xml:46:13-49
53    </application>
54
55</manifest>